SF:lib\src\navigation_drawer.dart
DA:11,1
DA:58,1
DA:70,1
DA:128,1
DA:129,1
DA:145,1
DA:147,4
DA:148,3
DA:149,1
DA:151,1
DA:154,1
DA:157,1
DA:159,1
DA:160,2
DA:162,2
DA:163,3
DA:166,2
DA:169,1
DA:170,1
DA:171,1
DA:172,2
DA:175,3
DA:176,1
DA:177,1
DA:178,2
DA:181,3
DA:182,1
DA:183,1
DA:184,3
DA:187,2
DA:190,1
DA:191,1
DA:192,1
DA:193,2
DA:196,3
DA:197,1
DA:198,1
DA:199,2
DA:202,3
DA:203,1
DA:204,1
DA:205,3
DA:209,3
DA:210,2
DA:214,3
DA:216,1
DA:217,2
DA:220,1
DA:221,2
DA:224,1
DA:226,1
DA:227,2
DA:228,1
DA:230,3
DA:231,1
DA:233,1
DA:239,1
DA:240,1
DA:241,1
DA:242,1
DA:243,1
DA:244,2
DA:245,4
DA:246,2
DA:247,1
DA:249,1
DA:251,1
DA:253,1
DA:255,1
DA:256,1
DA:257,1
DA:258,3
DA:259,3
DA:267,1
DA:268,1
DA:269,1
DA:270,1
DA:271,1
DA:273,1
DA:286,5
DA:287,3
DA:288,3
DA:289,1
DA:290,1
DA:293,4
DA:294,1
DA:295,1
DA:296,1
DA:297,1
DA:298,1
DA:299,2
DA:300,2
DA:301,2
DA:308,1
DA:310,2
DA:311,1
DA:316,1
DA:342,1
DA:344,1
DA:346,3
DA:349,1
DA:350,1
DA:351,5
DA:352,1
DA:353,4
DA:354,3
DA:356,1
DA:360,1
DA:361,1
DA:362,1
DA:365,1
DA:366,1
DA:367,1
DA:368,4
DA:370,1
DA:371,1
DA:372,1
DA:373,1
DA:374,1
DA:375,1
DA:376,1
DA:377,1
DA:379,3
DA:384,1
DA:385,1
DA:387,1
DA:388,4
DA:389,1
DA:390,3
DA:393,1
DA:395,1
DA:396,1
DA:397,2
DA:398,2
DA:402,2
DA:403,1
DA:404,2
DA:405,1
DA:406,1
DA:407,1
DA:408,1
DA:413,2
DA:415,1
DA:416,1
DA:418,1
DA:419,1
DA:421,1
DA:424,1
DA:425,2
DA:426,3
DA:433,4
DA:434,1
DA:436,1
DA:437,2
DA:438,3
DA:448,1
DA:449,1
DA:450,1
DA:451,1
DA:452,1
DA:453,1
DA:454,1
DA:455,1
DA:456,1
DA:458,1
DA:459,2
DA:460,3
LF:167
LH:167
end_of_record
